This is pdfTeX, Version 3.1415926-2.5-1.40.14 (TeX Live 2013/Debian) (format=pdflatex 2015.8.24)  31 AUG 2015 08:22
entering extended mode
 restricted \write18 enabled.
 %&-line parsing enabled.
**lab1_wks23.tex
(./lab1_wks23.tex
LaTeX2e <2011/06/27>
Babel <3.9h> and hyphenation patterns for 4 languages loaded.
(/usr/share/texlive/texmf-dist/tex/latex/base/article.cls
Document Class: article 2007/10/19 v1.4h Standard LaTeX document class
(/usr/share/texlive/texmf-dist/tex/latex/base/size10.clo
File: size10.clo 2007/10/19 v1.4h Standard LaTeX file (size option)
)
\c@part=\count79
\c@section=\count80
\c@subsection=\count81
\c@subsubsection=\count82
\c@paragraph=\count83
\c@subparagraph=\count84
\c@figure=\count85
\c@table=\count86
\abovecaptionskip=\skip41
\belowcaptionskip=\skip42
\bibindent=\dimen102
)
(/usr/share/texlive/texmf-dist/tex/latex/graphics/graphicx.sty
Package: graphicx 1999/02/16 v1.0f Enhanced LaTeX Graphics (DPC,SPQR)

(/usr/share/texlive/texmf-dist/tex/latex/graphics/keyval.sty
Package: keyval 1999/03/16 v1.13 key=value parser (DPC)
\KV@toks@=\toks14
)
(/usr/share/texlive/texmf-dist/tex/latex/graphics/graphics.sty
Package: graphics 2009/02/05 v1.0o Standard LaTeX Graphics (DPC,SPQR)

(/usr/share/texlive/texmf-dist/tex/latex/graphics/trig.sty
Package: trig 1999/03/16 v1.09 sin cos tan (DPC)
)
(/usr/share/texlive/texmf-dist/tex/latex/latexconfig/graphics.cfg
File: graphics.cfg 2010/04/23 v1.9 graphics configuration of TeX Live
)
Package graphics Info: Driver file: pdftex.def on input line 91.

(/usr/share/texlive/texmf-dist/tex/latex/pdftex-def/pdftex.def
File: pdftex.def 2011/05/27 v0.06d Graphics/color for pdfTeX

(/usr/share/texlive/texmf-dist/tex/generic/oberdiek/infwarerr.sty
Package: infwarerr 2010/04/08 v1.3 Providing info/warning/error messages (HO)
)
(/usr/share/texlive/texmf-dist/tex/generic/oberdiek/ltxcmds.sty
Package: ltxcmds 2011/11/09 v1.22 LaTeX kernel commands for general use (HO)
)
\Gread@gobject=\count87
))
\Gin@req@height=\dimen103
\Gin@req@width=\dimen104
)
(/usr/share/texlive/texmf-dist/tex/latex/fancyhdr/fancyhdr.sty
\fancy@headwidth=\skip43
\f@ncyO@elh=\skip44
\f@ncyO@erh=\skip45
\f@ncyO@olh=\skip46
\f@ncyO@orh=\skip47
\f@ncyO@elf=\skip48
\f@ncyO@erf=\skip49
\f@ncyO@olf=\skip50
\f@ncyO@orf=\skip51
)
(/usr/share/texlive/texmf-dist/tex/latex/lastpage/lastpage.sty
Package: lastpage 2013/01/28 v1.2l Refers to last page's name (HMM; JPG)
)
(/usr/share/texlive/texmf-dist/tex/latex/fancyhdr/extramarks.sty
\@temptokenb=\toks15
)
(/usr/share/texlive/texmf-dist/tex/latex/psnfss/courier.sty
Package: courier 2005/04/12 PSNFSS-v9.2a (WaS) 
)
(/usr/share/texlive/texmf-dist/tex/latex/graphics/color.sty
Package: color 2005/11/14 v1.0j Standard LaTeX Color (DPC)

(/usr/share/texlive/texmf-dist/tex/latex/latexconfig/color.cfg
File: color.cfg 2007/01/18 v1.5 color configuration of teTeX/TeXLive
)
Package color Info: Driver file: pdftex.def on input line 130.
)
(/usr/share/texlive/texmf-dist/tex/latex/enumitem/enumitem.sty
Package: enumitem 2011/09/28 v3.5.2 Customized lists
\labelindent=\skip52
\enit@outerparindent=\dimen105
\enit@toks=\toks16
\enit@inbox=\box26
\enitdp@description=\count88
)
(/usr/share/texlive/texmf-dist/tex/latex/hyperref/hyperref.sty
Package: hyperref 2012/11/06 v6.83m Hypertext links for LaTeX

(/usr/share/texlive/texmf-dist/tex/generic/oberdiek/hobsub-hyperref.sty
Package: hobsub-hyperref 2012/05/28 v1.13 Bundle oberdiek, subset hyperref (HO)


(/usr/share/texlive/texmf-dist/tex/generic/oberdiek/hobsub-generic.sty
Package: hobsub-generic 2012/05/28 v1.13 Bundle oberdiek, subset generic (HO)
Package: hobsub 2012/05/28 v1.13 Construct package bundles (HO)
Package hobsub Info: Skipping package `infwarerr' (already loaded).
Package hobsub Info: Skipping package `ltxcmds' (already loaded).
Package: ifluatex 2010/03/01 v1.3 Provides the ifluatex switch (HO)
Package ifluatex Info: LuaTeX not detected.
Package: ifvtex 2010/03/01 v1.5 Detect VTeX and its facilities (HO)
Package ifvtex Info: VTeX not detected.
Package: intcalc 2007/09/27 v1.1 Expandable calculations with integers (HO)
Package: ifpdf 2011/01/30 v2.3 Provides the ifpdf switch (HO)
Package ifpdf Info: pdfTeX in PDF mode is detected.
Package: etexcmds 2011/02/16 v1.5 Avoid name clashes with e-TeX commands (HO)
Package etexcmds Info: Could not find \expanded.
(etexcmds)             That can mean that you are not using pdfTeX 1.50 or
(etexcmds)             that some package has redefined \expanded.
(etexcmds)             In the latter case, load this package earlier.
Package: kvsetkeys 2012/04/25 v1.16 Key value parser (HO)
Package: kvdefinekeys 2011/04/07 v1.3 Define keys (HO)
Package: pdftexcmds 2011/11/29 v0.20 Utility functions of pdfTeX for LuaTeX (HO
)
Package pdftexcmds Info: LuaTeX not detected.
Package pdftexcmds Info: \pdf@primitive is available.
Package pdftexcmds Info: \pdf@ifprimitive is available.
Package pdftexcmds Info: \pdfdraftmode found.
Package: pdfescape 2011/11/25 v1.13 Implements pdfTeX's escape features (HO)
Package: bigintcalc 2012/04/08 v1.3 Expandable calculations on big integers (HO
)
Package: bitset 2011/01/30 v1.1 Handle bit-vector datatype (HO)
Package: uniquecounter 2011/01/30 v1.2 Provide unlimited unique counter (HO)
)
Package hobsub Info: Skipping package `hobsub' (already loaded).
Package: letltxmacro 2010/09/02 v1.4 Let assignment for LaTeX macros (HO)
Package: hopatch 2012/05/28 v1.2 Wrapper for package hooks (HO)
Package: xcolor-patch 2011/01/30 xcolor patch
Package: atveryend 2011/06/30 v1.8 Hooks at the very end of document (HO)
Package atveryend Info: \enddocument detected (standard20110627).
Package: atbegshi 2011/10/05 v1.16 At begin shipout hook (HO)
Package: refcount 2011/10/16 v3.4 Data extraction from label references (HO)
Package: hycolor 2011/01/30 v1.7 Color options for hyperref/bookmark (HO)
)
(/usr/share/texlive/texmf-dist/tex/generic/ifxetex/ifxetex.sty
Package: ifxetex 2010/09/12 v0.6 Provides ifxetex conditional
)
(/usr/share/texlive/texmf-dist/tex/latex/oberdiek/auxhook.sty
Package: auxhook 2011/03/04 v1.3 Hooks for auxiliary files (HO)
)
(/usr/share/texlive/texmf-dist/tex/latex/oberdiek/kvoptions.sty
Package: kvoptions 2011/06/30 v3.11 Key value format for package options (HO)
)
\@linkdim=\dimen106
\Hy@linkcounter=\count89
\Hy@pagecounter=\count90

(/usr/share/texlive/texmf-dist/tex/latex/hyperref/pd1enc.def
File: pd1enc.def 2012/11/06 v6.83m Hyperref: PDFDocEncoding definition (HO)
)
\Hy@SavedSpaceFactor=\count91

(/usr/share/texlive/texmf-dist/tex/latex/latexconfig/hyperref.cfg
File: hyperref.cfg 2002/06/06 v1.2 hyperref configuration of TeXLive
)
Package hyperref Info: Hyper figures OFF on input line 4443.
Package hyperref Info: Link nesting OFF on input line 4448.
Package hyperref Info: Hyper index ON on input line 4451.
Package hyperref Info: Plain pages OFF on input line 4458.
Package hyperref Info: Backreferencing OFF on input line 4463.
Package hyperref Info: Implicit mode ON; LaTeX internals redefined.
Package hyperref Info: Bookmarks ON on input line 4688.
\c@Hy@tempcnt=\count92

(/usr/share/texlive/texmf-dist/tex/latex/url/url.sty
\Urlmuskip=\muskip10
Package: url 2013/09/16  ver 3.4  Verb mode for urls, etc.
)
LaTeX Info: Redefining \url on input line 5041.
\XeTeXLinkMargin=\dimen107
\Fld@menulength=\count93
\Field@Width=\dimen108
\Fld@charsize=\dimen109
Package hyperref Info: Hyper figures OFF on input line 6295.
Package hyperref Info: Link nesting OFF on input line 6300.
Package hyperref Info: Hyper index ON on input line 6303.
Package hyperref Info: backreferencing OFF on input line 6310.
Package hyperref Info: Link coloring OFF on input line 6315.
Package hyperref Info: Link coloring with OCG OFF on input line 6320.
Package hyperref Info: PDF/A mode OFF on input line 6325.
LaTeX Info: Redefining \ref on input line 6365.
LaTeX Info: Redefining \pageref on input line 6369.
\Hy@abspage=\count94
\c@Item=\count95
\c@Hfootnote=\count96
)

Package hyperref Message: Driver (autodetected): hpdftex.

(/usr/share/texlive/texmf-dist/tex/latex/hyperref/hpdftex.def
File: hpdftex.def 2012/11/06 v6.83m Hyperref driver for pdfTeX
\Fld@listcount=\count97
\c@bookmark@seq@number=\count98

(/usr/share/texlive/texmf-dist/tex/latex/oberdiek/rerunfilecheck.sty
Package: rerunfilecheck 2011/04/15 v1.7 Rerun checks for auxiliary files (HO)
Package uniquecounter Info: New unique counter `rerunfilecheck' on input line 2
82.
)
\Hy@SectionHShift=\skip53
)
(/usr/share/texlive/texmf-dist/tex/latex/wrapfig/wrapfig.sty
\wrapoverhang=\dimen110
\WF@size=\dimen111
\c@WF@wrappedlines=\count99
\WF@box=\box27
\WF@everypar=\toks17
Package: wrapfig 2003/01/31  v 3.6
)
(/usr/share/texlive/texmf-dist/tex/latex/fancyvrb/fancyvrb.sty
Package: fancyvrb 2008/02/07

Style option: `fancyvrb' v2.7a, with DG/SPQR fixes, and firstline=lastline fix 
<2008/02/07> (tvz)
\FV@CodeLineNo=\count100
\FV@InFile=\read1
\FV@TabBox=\box28
\c@FancyVerbLine=\count101
\FV@StepNumber=\count102
\FV@OutFile=\write3
) (./lab1_wks23.aux)
\openout1 = `lab1_wks23.aux'.

LaTeX Font Info:    Checking defaults for OML/cmm/m/it on input line 55.
LaTeX Font Info:    ... okay on input line 55.
LaTeX Font Info:    Checking defaults for T1/cmr/m/n on input line 55.
LaTeX Font Info:    ... okay on input line 55.
LaTeX Font Info:    Checking defaults for OT1/cmr/m/n on input line 55.
LaTeX Font Info:    ... okay on input line 55.
LaTeX Font Info:    Checking defaults for OMS/cmsy/m/n on input line 55.
LaTeX Font Info:    ... okay on input line 55.
LaTeX Font Info:    Checking defaults for OMX/cmex/m/n on input line 55.
LaTeX Font Info:    ... okay on input line 55.
LaTeX Font Info:    Checking defaults for U/cmr/m/n on input line 55.
LaTeX Font Info:    ... okay on input line 55.
LaTeX Font Info:    Checking defaults for PD1/pdf/m/n on input line 55.
LaTeX Font Info:    ... okay on input line 55.

(/usr/share/texlive/texmf-dist/tex/context/base/supp-pdf.mkii
[Loading MPS to PDF converter (version 2006.09.02).]
\scratchcounter=\count103
\scratchdimen=\dimen112
\scratchbox=\box29
\nofMPsegments=\count104
\nofMParguments=\count105
\everyMPshowfont=\toks18
\MPscratchCnt=\count106
\MPscratchDim=\dimen113
\MPnumerator=\count107
\makeMPintoPDFobject=\count108
\everyMPtoPDFconversion=\toks19
) (/usr/share/texlive/texmf-dist/tex/latex/oberdiek/epstopdf-base.sty
Package: epstopdf-base 2010/02/09 v2.5 Base part for package epstopdf

(/usr/share/texlive/texmf-dist/tex/latex/oberdiek/grfext.sty
Package: grfext 2010/08/19 v1.1 Manage graphics extensions (HO)
)
Package grfext Info: Graphics extension search list:
(grfext)             [.png,.pdf,.jpg,.mps,.jpeg,.jbig2,.jb2,.PNG,.PDF,.JPG,.JPE
G,.JBIG2,.JB2,.eps]
(grfext)             \AppendGraphicsExtensions on input line 452.

(/usr/share/texlive/texmf-dist/tex/latex/latexconfig/epstopdf-sys.cfg
File: epstopdf-sys.cfg 2010/07/13 v1.3 Configuration of (r)epstopdf for TeX Liv
e
))
Package lastpage Info: Please have a look at the pageslts package at
(lastpage)             http://www.ctan.org/tex-archive/ 
(lastpage)             macros/latex/contrib/pageslts/ 
(lastpage)             or
(lastpage)             http://www.ctan.org/tex-archive/ 
(lastpage)             install/macros/latex/contrib/pageslts.tds.zip
(lastpage)             ! on input line 55.
\AtBeginShipoutBox=\box30
Package hyperref Info: Link coloring OFF on input line 55.

(/usr/share/texlive/texmf-dist/tex/latex/hyperref/nameref.sty
Package: nameref 2012/10/27 v2.43 Cross-referencing by name of section

(/usr/share/texlive/texmf-dist/tex/generic/oberdiek/gettitlestring.sty
Package: gettitlestring 2010/12/03 v1.4 Cleanup title references (HO)
)
\c@section@level=\count109
)
LaTeX Info: Redefining \ref on input line 55.
LaTeX Info: Redefining \pageref on input line 55.
LaTeX Info: Redefining \nameref on input line 55.

(./lab1_wks23.out) (./lab1_wks23.out)
\@outlinefile=\write4
\openout4 = `lab1_wks23.out'.


<wm_wrenbldg.jpg, id=4, 2601.72pt x 1943.26pt>
File: wm_wrenbldg.jpg Graphic file (type jpg)
 <use wm_wrenbldg.jpg>
Package pdftex.def Info: wm_wrenbldg.jpg used on input line 71.
(pdftex.def)             Requested size: 469.75499pt x 350.86882pt.

<wmlogo.jpg, id=5, 531.9875pt x 537.00626pt>
File: wmlogo.jpg Graphic file (type jpg)
 <use wmlogo.jpg>
Package pdftex.def Info: wmlogo.jpg used on input line 84.
(pdftex.def)             Requested size: 21.1381pt x 21.33728pt.


Package Fancyhdr Warning: \headheight is too small (12.0pt): 
 Make it at least 24.93732pt.
 We now make it that large for the rest of the document.
 This may cause the page layout to be inconsistent, however.

[1{/var/lib/texmf/fonts/map/pdftex/updmap/pdftex.map}

 <./wmlogo.jpg> <./wm_wrenbldg.jpg>]
LaTeX Font Info:    Try loading font information for OT1+pcr on input line 111.

 (/usr/share/texlive/texmf-dist/tex/latex/psnfss/ot1pcr.fd
File: ot1pcr.fd 2001/06/04 font definitions for OT1/pcr.
)
LaTeX Font Info:    External font `cmex10' loaded for size
(Font)              <12> on input line 111.
LaTeX Font Info:    External font `cmex10' loaded for size
(Font)              <8> on input line 111.
LaTeX Font Info:    External font `cmex10' loaded for size
(Font)              <6> on input line 111.

<homepage.png, id=16, 1372.12625pt x 862.22125pt>
File: homepage.png Graphic file (type png)
 <use homepage.png>
Package pdftex.def Info: homepage.png used on input line 114.
(pdftex.def)             Requested size: 286.55083pt x 180.05876pt.

<continue.png, id=18, 176.66pt x 50.1875pt>
File: continue.png Graphic file (type png)
 <use continue.png>
Package pdftex.def Info: continue.png used on input line 116.
(pdftex.def)             Requested size: 58.71936pt x 16.68138pt.

<search.png, id=19, 150.5625pt x 66.2475pt>
File: search.png Graphic file (type png)
 <use search.png>
Package pdftex.def Info: search.png used on input line 120.
(pdftex.def)             Requested size: 46.97836pt x 20.67094pt.
File: continue.png Graphic file (type png)

<use continue.png>
Package pdftex.def Info: continue.png used on input line 122.
(pdftex.def)             Requested size: 58.71936pt x 16.68138pt.
File: continue.png Graphic file (type png)
 <use continue.png>
Package pdftex.def Info: continue.png used on input line 122.
(pdftex.def)             Requested size: 58.71936pt x 16.68138pt.
File: wmlogo.jpg Graphic file (type jpg)
 <use wmlogo.jpg>
Package pdftex.def Info: wmlogo.jpg used on input line 123.
(pdftex.def)             Requested size: 21.1381pt x 21.33728pt.
 [2 <./homepage.png> <./continue.png> <./search.png>] <plus.png, id=33, 44.165p
t x 45.16875pt>
File: plus.png Graphic file (type png)

<use plus.png>
Package pdftex.def Info: plus.png used on input line 124.
(pdftex.def)             Requested size: 18.78703pt x 19.21402pt.
File: plus.png Graphic file (type png)
 <use plus.png>
Package pdftex.def Info: plus.png used on input line 124.
(pdftex.def)             Requested size: 18.78703pt x 19.21402pt.
 <state.png, id=34, 591.20876pt x 414.54875pt>
File: state.png Graphic file (type png)

<use state.png>
Package pdftex.def Info: state.png used on input line 124.
(pdftex.def)             Requested size: 164.4171pt x 115.28217pt.
File: plus.png Graphic file (type png)
 <use plus.png>
Package pdftex.def Info: plus.png used on input line 126.
(pdftex.def)             Requested size: 18.78703pt x 19.21402pt.
 <cost.png, id=35, 392.46625pt x 312.16624pt>
File: cost.png Graphic file (type png)

<use cost.png>
Package pdftex.def Info: cost.png used on input line 126.
(pdftex.def)             Requested size: 164.4171pt x 130.78026pt.
File: plus.png Graphic file (type png)
 <use plus.png>
Package pdftex.def Info: plus.png used on input line 128.
(pdftex.def)             Requested size: 18.78703pt x 19.21402pt.
File: wmlogo.jpg Graphic file (type jpg)
 <use wmlogo.jpg>
Package pdftex.def Info: wmlogo.jpg used on input line 128.
(pdftex.def)             Requested size: 21.1381pt x 21.33728pt.
 [3 <./plus.png> <./state.png> <./cost.png>] <core.png, id=47, 1077.02374pt x 4
57.71pt>
File: core.png Graphic file (type png)
 <use core.png>
Package pdftex.def Info: core.png used on input line 128.
(pdftex.def)             Requested size: 328.82706pt x 139.74452pt.

<continue2.png, id=48, 209.78375pt x 69.25874pt>
File: continue2.png Graphic file (type png)
 <use continue2.png>
Package pdftex.def Info: continue2.png used on input line 130.
(pdftex.def)             Requested size: 58.71936pt x 19.38597pt.

<csv.png, id=49, 1112.155pt x 190.7125pt>
File: csv.png Graphic file (type png)
 <use csv.png>
Package pdftex.def Info: csv.png used on input line 132.
(pdftex.def)             Requested size: 352.31624pt x 60.41522pt.
LaTeX Font Info:    Try loading font information for OMS+pcr on input line 134.


(/usr/share/texlive/texmf-dist/tex/latex/psnfss/omspcr.fd
File: omspcr.fd 
)
LaTeX Font Info:    Font shape `OMS/pcr/m/n' in size <12> not available
(Font)              Font shape `OMS/cmsy/m/n' tried instead on input line 134.
File: wmlogo.jpg Graphic file (type jpg)
 <use wmlogo.jpg>
Package pdftex.def Info: wmlogo.jpg used on input line 154.
(pdftex.def)             Requested size: 21.1381pt x 21.33728pt.

[4 <./core.png> <./continue2.png> <./csv.png>]
Underfull \hbox (badness 10000) in paragraph at lines 168--169

 []

File: wmlogo.jpg Graphic file (type jpg)
<use wmlogo.jpg>
Package pdftex.def Info: wmlogo.jpg used on input line 211.
(pdftex.def)             Requested size: 21.1381pt x 21.33728pt.
 [5]
File: wmlogo.jpg Graphic file (type jpg)
 <use wmlogo.jpg>
Package pdftex.def Info: wmlogo.jpg used on input line 259.
(pdftex.def)             Requested size: 21.1381pt x 21.33728pt.
 [6]
File: wmlogo.jpg Graphic file (type jpg)
 <use wmlogo.jpg>
Package pdftex.def Info: wmlogo.jpg used on input line 305.
(pdftex.def)             Requested size: 21.1381pt x 21.33728pt.
 [7]
Underfull \hbox (badness 10000) in paragraph at lines 322--323

 []

File: wmlogo.jpg Graphic file (type jpg)
<use wmlogo.jpg>
Package pdftex.def Info: wmlogo.jpg used on input line 341.
(pdftex.def)             Requested size: 21.1381pt x 21.33728pt.
 [8]
File: wmlogo.jpg Graphic file (type jpg)
 <use wmlogo.jpg>
Package pdftex.def Info: wmlogo.jpg used on input line 391.
(pdftex.def)             Requested size: 21.1381pt x 21.33728pt.
 [9]
File: wmlogo.jpg Graphic file (type jpg)
 <use wmlogo.jpg>
Package pdftex.def Info: wmlogo.jpg used on input line 439.
(pdftex.def)             Requested size: 21.1381pt x 21.33728pt.
 [10]
File: wmlogo.jpg Graphic file (type jpg)

<use wmlogo.jpg>
Package pdftex.def Info: wmlogo.jpg used on input line 498.
(pdftex.def)             Requested size: 21.1381pt x 21.33728pt.
 [11]
Underfull \hbox (badness 10000) in paragraph at lines 550--551

 []

File: wmlogo.jpg Graphic file (type jpg)
<use wmlogo.jpg>
Package pdftex.def Info: wmlogo.jpg used on input line 563.
(pdftex.def)             Requested size: 21.1381pt x 21.33728pt.
 [12]
LaTeX Font Info:    Try loading font information for OMS+cmr on input line 578.

 (/usr/share/texlive/texmf-dist/tex/latex/base/omscmr.fd
File: omscmr.fd 1999/05/25 v2.5h Standard LaTeX font definitions
)
LaTeX Font Info:    Font shape `OMS/cmr/m/n' in size <12> not available
(Font)              Font shape `OMS/cmsy/m/n' tried instead on input line 578.


AED: lastpage setting LastPage
File: wmlogo.jpg Graphic file (type jpg)
<use wmlogo.jpg>
Package pdftex.def Info: wmlogo.jpg used on input line 584.
(pdftex.def)             Requested size: 21.1381pt x 21.33728pt.
 [13]
Package atveryend Info: Empty hook `BeforeClearDocument' on input line 584.
Package atveryend Info: Empty hook `AfterLastShipout' on input line 584.
 (./lab1_wks23.aux)
Package atveryend Info: Executing hook `AtVeryEndDocument' on input line 584.
Package atveryend Info: Executing hook `AtEndAfterFileList' on input line 584.
Package rerunfilecheck Info: File `lab1_wks23.out' has not changed.
(rerunfilecheck)             Checksum: D41D8CD98F00B204E9800998ECF8427E;0.
Package atveryend Info: Empty hook `AtVeryVeryEnd' on input line 584.
 )
(\end occurred inside a group at level 1)

### simple group (level 1) entered at line 78 ({)
### bottom level 
Here is how much of TeX's memory you used:
 6186 strings out of 494985
 92119 string characters out of 6180356
 180995 words of memory out of 5000000
 9275 multiletter control sequences out of 15000+600000
 9421 words of font info for 33 fonts, out of 8000000 for 9000
 36 hyphenation exceptions out of 8191
 29i,15n,43p,762b,815s stack positions out of 5000i,500n,10000p,200000b,80000s
{/usr/share/texlive/texmf-dist/fonts/enc/dvips/base/8r.enc}</us
r/share/texlive/texmf-dist/fonts/type1/public/amsfonts/cm/cmbx12.pfb></usr/shar
e/texlive/texmf-dist/fonts/type1/public/amsfonts/cm/cmr10.pfb></usr/share/texli
ve/texmf-dist/fonts/type1/public/amsfonts/cm/cmr12.pfb></usr/share/texlive/texm
f-dist/fonts/type1/public/amsfonts/cm/cmss12.pfb></usr/share/texlive/texmf-dist
/fonts/type1/public/amsfonts/cm/cmsy10.pfb></usr/share/texlive/texmf-dist/fonts
/type1/public/amsfonts/cm/cmti12.pfb></usr/share/texlive/texmf-dist/fonts/type1
/urw/courier/ucrr8a.pfb></usr/share/texlive/texmf-dist/fonts/type1/urw/courier/
ucrro8a.pfb>
Output written on lab1_wks23.pdf (13 pages, 2911317 bytes).
PDF statistics:
 177 PDF objects out of 1000 (max. 8388607)
 132 compressed objects within 2 object streams
 58 named destinations out of 1000 (max. 500000)
 56 words of extra memory for PDF output out of 10000 (max. 10000000)

