mktextfm ecrm1000
mktextfm ecrm1440
mktextfm ecbx1440
mktextfm ecti1440
mktextfm ecrm1200
mktextfm ecti1200
mktextfm ecbx1200
mktextfm ecss1200
mktextfm pcrr8t
mktextfm pcrro8t
mktextfm ecbi1200
mktextfm pcrr7t
mktextfm pcrro7t
mktextfm ecrm1000
mktextfm ecrm1440
mktextfm ecbx1440
mktextfm ecti1440
mktextfm ecrm1200
mktextfm ecti1200
mktextfm ecbx1200
mktextfm ecss1200
mktextfm pcrr8t
mktextfm pcrro8t
mktextfm ecbi1200
mktextfm ecrm1000
mktextfm ecrm1440
mktextfm ecbx1440
mktextfm ecti1440
mktextfm ecrm1200
mktextfm ecti1200
mktextfm ecbx1200
mktextfm ecss1200
mktextfm pcrr8t
mktextfm pcrro8t
mktextfm ecbi1200
mktextfm ecrm1000
mktextfm ecrm1440
mktextfm ecbx1440
mktextfm ecti1440
mktextfm ecrm1200
mktextfm ecti1200
mktextfm ecbx1200
mktextfm ecss1200
mktextfm pcrr8t
mktextfm pcrro8t
mktextfm ecbi1200
