This is pdfTeX, Version 3.14159265-2.6-1.40.15 (TeX Live 2014) (preloaded format=pdflatex 2015.6.11)  21 AUG 2015 11:30
entering extended mode
 restricted \write18 enabled.
 file:line:error style messages enabled.
 %&-line parsing enabled.
**lab5_wks1112.tex
(./lab5_wks1112.tex
LaTeX2e <2014/05/01>
Babel <3.9k> and hyphenation patterns for 78 languages loaded.
(/usr/local/texlive/2014/texmf-dist/tex/latex/base/article.cls
Document Class: article 2007/10/19 v1.4h Standard LaTeX document class
(/usr/local/texlive/2014/texmf-dist/tex/latex/base/size10.clo
File: size10.clo 2007/10/19 v1.4h Standard LaTeX file (size option)
)
\c@part=\count79
\c@section=\count80
\c@subsection=\count81
\c@subsubsection=\count82
\c@paragraph=\count83
\c@subparagraph=\count84
\c@figure=\count85
\c@table=\count86
\abovecaptionskip=\skip41
\belowcaptionskip=\skip42
\bibindent=\dimen102
)
(/usr/local/texlive/2014/texmf-dist/tex/latex/graphics/graphicx.sty
Package: graphicx 2014/04/25 v1.0g Enhanced LaTeX Graphics (DPC,SPQR)

(/usr/local/texlive/2014/texmf-dist/tex/latex/graphics/keyval.sty
Package: keyval 2014/05/08 v1.15 key=value parser (DPC)
\KV@toks@=\toks14
)
(/usr/local/texlive/2014/texmf-dist/tex/latex/graphics/graphics.sty
Package: graphics 2009/02/05 v1.0o Standard LaTeX Graphics (DPC,SPQR)

(/usr/local/texlive/2014/texmf-dist/tex/latex/graphics/trig.sty
Package: trig 1999/03/16 v1.09 sin cos tan (DPC)
)
(/usr/local/texlive/2014/texmf-dist/tex/latex/latexconfig/graphics.cfg
File: graphics.cfg 2010/04/23 v1.9 graphics configuration of TeX Live
)
Package graphics Info: Driver file: pdftex.def on input line 91.

(/usr/local/texlive/2014/texmf-dist/tex/latex/pdftex-def/pdftex.def
File: pdftex.def 2011/05/27 v0.06d Graphics/color for pdfTeX

(/usr/local/texlive/2014/texmf-dist/tex/generic/oberdiek/infwarerr.sty
Package: infwarerr 2010/04/08 v1.3 Providing info/warning/error messages (HO)
)
(/usr/local/texlive/2014/texmf-dist/tex/generic/oberdiek/ltxcmds.sty
Package: ltxcmds 2011/11/09 v1.22 LaTeX kernel commands for general use (HO)
)
\Gread@gobject=\count87
))
\Gin@req@height=\dimen103
\Gin@req@width=\dimen104
)
(/usr/local/texlive/2014/texmf-dist/tex/latex/fancyhdr/fancyhdr.sty
\fancy@headwidth=\skip43
\f@ncyO@elh=\skip44
\f@ncyO@erh=\skip45
\f@ncyO@olh=\skip46
\f@ncyO@orh=\skip47
\f@ncyO@elf=\skip48
\f@ncyO@erf=\skip49
\f@ncyO@olf=\skip50
\f@ncyO@orf=\skip51
)
(/usr/local/texlive/2014/texmf-dist/tex/latex/lastpage/lastpage.sty
Package: lastpage 2013/01/28 v1.2l Refers to last page's name (HMM; JPG)
)
(/usr/local/texlive/2014/texmf-dist/tex/latex/fancyhdr/extramarks.sty
\@temptokenb=\toks15
)
(/usr/local/texlive/2014/texmf-dist/tex/latex/psnfss/courier.sty
Package: courier 2005/04/12 PSNFSS-v9.2a (WaS) 
)
(/usr/local/texlive/2014/texmf-dist/tex/latex/graphics/color.sty
Package: color 2014/04/23 v1.1a Standard LaTeX Color (DPC)

(/usr/local/texlive/2014/texmf-dist/tex/latex/latexconfig/color.cfg
File: color.cfg 2007/01/18 v1.5 color configuration of teTeX/TeXLive
)
Package color Info: Driver file: pdftex.def on input line 137.
)
(/usr/local/texlive/2014/texmf-dist/tex/latex/enumitem/enumitem.sty
Package: enumitem 2011/09/28 v3.5.2 Customized lists
\labelindent=\skip52
\enit@outerparindent=\dimen105
\enit@toks=\toks16
\enit@inbox=\box26
\enitdp@description=\count88
)
(/usr/local/texlive/2014/texmf-dist/tex/latex/hyperref/hyperref.sty
Package: hyperref 2012/11/06 v6.83m Hypertext links for LaTeX

(/usr/local/texlive/2014/texmf-dist/tex/generic/oberdiek/hobsub-hyperref.sty
Package: hobsub-hyperref 2012/05/28 v1.13 Bundle oberdiek, subset hyperref (HO)


(/usr/local/texlive/2014/texmf-dist/tex/generic/oberdiek/hobsub-generic.sty
Package: hobsub-generic 2012/05/28 v1.13 Bundle oberdiek, subset generic (HO)
Package: hobsub 2012/05/28 v1.13 Construct package bundles (HO)
Package hobsub Info: Skipping package `infwarerr' (already loaded).
Package hobsub Info: Skipping package `ltxcmds' (already loaded).
Package: ifluatex 2010/03/01 v1.3 Provides the ifluatex switch (HO)
Package ifluatex Info: LuaTeX not detected.
Package: ifvtex 2010/03/01 v1.5 Detect VTeX and its facilities (HO)
Package ifvtex Info: VTeX not detected.
Package: intcalc 2007/09/27 v1.1 Expandable calculations with integers (HO)
Package: ifpdf 2011/01/30 v2.3 Provides the ifpdf switch (HO)
Package ifpdf Info: pdfTeX in PDF mode is detected.
Package: etexcmds 2011/02/16 v1.5 Avoid name clashes with e-TeX commands (HO)
Package etexcmds Info: Could not find \expanded.
(etexcmds)             That can mean that you are not using pdfTeX 1.50 or
(etexcmds)             that some package has redefined \expanded.
(etexcmds)             In the latter case, load this package earlier.
Package: kvsetkeys 2012/04/25 v1.16 Key value parser (HO)
Package: kvdefinekeys 2011/04/07 v1.3 Define keys (HO)
Package: pdftexcmds 2011/11/29 v0.20 Utility functions of pdfTeX for LuaTeX (HO
)
Package pdftexcmds Info: LuaTeX not detected.
Package pdftexcmds Info: \pdf@primitive is available.
Package pdftexcmds Info: \pdf@ifprimitive is available.
Package pdftexcmds Info: \pdfdraftmode found.
Package: pdfescape 2011/11/25 v1.13 Implements pdfTeX's escape features (HO)
Package: bigintcalc 2012/04/08 v1.3 Expandable calculations on big integers (HO
)
Package: bitset 2011/01/30 v1.1 Handle bit-vector datatype (HO)
Package: uniquecounter 2011/01/30 v1.2 Provide unlimited unique counter (HO)
)
Package hobsub Info: Skipping package `hobsub' (already loaded).
Package: letltxmacro 2010/09/02 v1.4 Let assignment for LaTeX macros (HO)
Package: hopatch 2012/05/28 v1.2 Wrapper for package hooks (HO)
Package: xcolor-patch 2011/01/30 xcolor patch
Package: atveryend 2011/06/30 v1.8 Hooks at the very end of document (HO)
Package atveryend Info: \enddocument detected (standard20110627).
Package: atbegshi 2011/10/05 v1.16 At begin shipout hook (HO)
Package: refcount 2011/10/16 v3.4 Data extraction from label references (HO)
Package: hycolor 2011/01/30 v1.7 Color options for hyperref/bookmark (HO)
)
(/usr/local/texlive/2014/texmf-dist/tex/generic/ifxetex/ifxetex.sty
Package: ifxetex 2010/09/12 v0.6 Provides ifxetex conditional
)
(/usr/local/texlive/2014/texmf-dist/tex/latex/oberdiek/auxhook.sty
Package: auxhook 2011/03/04 v1.3 Hooks for auxiliary files (HO)
)
(/usr/local/texlive/2014/texmf-dist/tex/latex/oberdiek/kvoptions.sty
Package: kvoptions 2011/06/30 v3.11 Key value format for package options (HO)
)
\@linkdim=\dimen106
\Hy@linkcounter=\count89
\Hy@pagecounter=\count90

(/usr/local/texlive/2014/texmf-dist/tex/latex/hyperref/pd1enc.def
File: pd1enc.def 2012/11/06 v6.83m Hyperref: PDFDocEncoding definition (HO)
)
\Hy@SavedSpaceFactor=\count91

(/usr/local/texlive/2014/texmf-dist/tex/latex/latexconfig/hyperref.cfg
File: hyperref.cfg 2002/06/06 v1.2 hyperref configuration of TeXLive
)
Package hyperref Info: Hyper figures OFF on input line 4443.
Package hyperref Info: Link nesting OFF on input line 4448.
Package hyperref Info: Hyper index ON on input line 4451.
Package hyperref Info: Plain pages OFF on input line 4458.
Package hyperref Info: Backreferencing OFF on input line 4463.
Package hyperref Info: Implicit mode ON; LaTeX internals redefined.
Package hyperref Info: Bookmarks ON on input line 4688.
\c@Hy@tempcnt=\count92

(/usr/local/texlive/2014/texmf-dist/tex/latex/url/url.sty
\Urlmuskip=\muskip10
Package: url 2013/09/16  ver 3.4  Verb mode for urls, etc.
)
LaTeX Info: Redefining \url on input line 5041.
\XeTeXLinkMargin=\dimen107
\Fld@menulength=\count93
\Field@Width=\dimen108
\Fld@charsize=\dimen109
Package hyperref Info: Hyper figures OFF on input line 6295.
Package hyperref Info: Link nesting OFF on input line 6300.
Package hyperref Info: Hyper index ON on input line 6303.
Package hyperref Info: backreferencing OFF on input line 6310.
Package hyperref Info: Link coloring OFF on input line 6315.
Package hyperref Info: Link coloring with OCG OFF on input line 6320.
Package hyperref Info: PDF/A mode OFF on input line 6325.
LaTeX Info: Redefining \ref on input line 6365.
LaTeX Info: Redefining \pageref on input line 6369.
\Hy@abspage=\count94
\c@Item=\count95
\c@Hfootnote=\count96
)

Package hyperref Message: Driver (autodetected): hpdftex.

(/usr/local/texlive/2014/texmf-dist/tex/latex/hyperref/hpdftex.def
File: hpdftex.def 2012/11/06 v6.83m Hyperref driver for pdfTeX
\Fld@listcount=\count97
\c@bookmark@seq@number=\count98

(/usr/local/texlive/2014/texmf-dist/tex/latex/oberdiek/rerunfilecheck.sty
Package: rerunfilecheck 2011/04/15 v1.7 Rerun checks for auxiliary files (HO)
Package uniquecounter Info: New unique counter `rerunfilecheck' on input line 2
82.
)
\Hy@SectionHShift=\skip53
)
(./lab5_wks1112.aux)
\openout1 = `lab5_wks1112.aux'.

LaTeX Font Info:    Checking defaults for OML/cmm/m/it on input line 45.
LaTeX Font Info:    ... okay on input line 45.
LaTeX Font Info:    Checking defaults for T1/cmr/m/n on input line 45.
LaTeX Font Info:    ... okay on input line 45.
LaTeX Font Info:    Checking defaults for OT1/cmr/m/n on input line 45.
LaTeX Font Info:    ... okay on input line 45.
LaTeX Font Info:    Checking defaults for OMS/cmsy/m/n on input line 45.
LaTeX Font Info:    ... okay on input line 45.
LaTeX Font Info:    Checking defaults for OMX/cmex/m/n on input line 45.
LaTeX Font Info:    ... okay on input line 45.
LaTeX Font Info:    Checking defaults for U/cmr/m/n on input line 45.
LaTeX Font Info:    ... okay on input line 45.
LaTeX Font Info:    Checking defaults for PD1/pdf/m/n on input line 45.
LaTeX Font Info:    ... okay on input line 45.

(/usr/local/texlive/2014/texmf-dist/tex/context/base/supp-pdf.mkii
[Loading MPS to PDF converter (version 2006.09.02).]
\scratchcounter=\count99
\scratchdimen=\dimen110
\scratchbox=\box27
\nofMPsegments=\count100
\nofMParguments=\count101
\everyMPshowfont=\toks17
\MPscratchCnt=\count102
\MPscratchDim=\dimen111
\MPnumerator=\count103
\makeMPintoPDFobject=\count104
\everyMPtoPDFconversion=\toks18
) (/usr/local/texlive/2014/texmf-dist/tex/latex/oberdiek/epstopdf-base.sty
Package: epstopdf-base 2010/02/09 v2.5 Base part for package epstopdf

(/usr/local/texlive/2014/texmf-dist/tex/latex/oberdiek/grfext.sty
Package: grfext 2010/08/19 v1.1 Manage graphics extensions (HO)
)
Package grfext Info: Graphics extension search list:
(grfext)             [.png,.pdf,.jpg,.mps,.jpeg,.jbig2,.jb2,.PNG,.PDF,.JPG,.JPE
G,.JBIG2,.JB2,.eps]
(grfext)             \AppendGraphicsExtensions on input line 452.

(/usr/local/texlive/2014/texmf-dist/tex/latex/latexconfig/epstopdf-sys.cfg
File: epstopdf-sys.cfg 2010/07/13 v1.3 Configuration of (r)epstopdf for TeX Liv
e
))
Package lastpage Info: Please have a look at the pageslts package at
(lastpage)             http://www.ctan.org/tex-archive/ 
(lastpage)             macros/latex/contrib/pageslts/ 
(lastpage)             or
(lastpage)             http://www.ctan.org/tex-archive/ 
(lastpage)             install/macros/latex/contrib/pageslts.tds.zip
(lastpage)             ! on input line 45.
\AtBeginShipoutBox=\box28
Package hyperref Info: Link coloring OFF on input line 45.

(/usr/local/texlive/2014/texmf-dist/tex/latex/hyperref/nameref.sty
Package: nameref 2012/10/27 v2.43 Cross-referencing by name of section

(/usr/local/texlive/2014/texmf-dist/tex/generic/oberdiek/gettitlestring.sty
Package: gettitlestring 2010/12/03 v1.4 Cleanup title references (HO)
)
\c@section@level=\count105
)
LaTeX Info: Redefining \ref on input line 45.
LaTeX Info: Redefining \pageref on input line 45.
LaTeX Info: Redefining \nameref on input line 45.

(./lab5_wks1112.out) (./lab5_wks1112.out)
\@outlinefile=\write3
\openout3 = `lab5_wks1112.out'.


<nyc.png, id=4, 1123.19624pt x 1440.38126pt>
File: nyc.png Graphic file (type png)
 <use nyc.png>
Package pdftex.def Info: nyc.png used on input line 61.
(pdftex.def)             Requested size: 352.31624pt x 451.81038pt.

<wmlogo.jpg, id=6, 531.9875pt x 537.00626pt>
File: wmlogo.jpg Graphic file (type jpg)
 <use wmlogo.jpg>
Package pdftex.def Info: wmlogo.jpg used on input line 75.
(pdftex.def)             Requested size: 21.1381pt x 21.33728pt.


Package Fancyhdr Warning: \headheight is too small (12.0pt): 
 Make it at least 24.93732pt.
 We now make it that large for the rest of the document.
 This may cause the page layout to be inconsistent, however.

[1{/usr/local/texlive/2014/texmf-var/fonts/map/pdftex/updmap/pdftex.map}

 <./wmlogo.jpg> <./nyc.png>]
LaTeX Font Info:    Try loading font information for OT1+pcr on input line 112.


(/usr/local/texlive/2014/texmf-dist/tex/latex/psnfss/ot1pcr.fd
File: ot1pcr.fd 2001/06/04 font definitions for OT1/pcr.
)
LaTeX Font Info:    External font `cmex10' loaded for size
(Font)              <12> on input line 112.
LaTeX Font Info:    External font `cmex10' loaded for size
(Font)              <8> on input line 112.
LaTeX Font Info:    External font `cmex10' loaded for size
(Font)              <6> on input line 112.

Overfull \hbox (40.92393pt too wide) in paragraph at lines 114--116
[]$\OT1/pcr/m/n/12 http : / / www . ted . com / talks / eric _ sanderson _ pict
ures _ new _ york _ before _
 []

<create_vision.png, id=20, 484.81125pt x 103.38625pt>
File: create_vision.png Graphic file (type png)
 <use create_vision.png>
Package pdftex.def Info: create_vision.png used on input line 134.
(pdftex.def)             Requested size: 117.43874pt x 25.04352pt.

<vision_setup.png, id=21, 1136.245pt x 826.08624pt>
File: vision_setup.png Graphic file (type png)
 <use vision_setup.png>
Package pdftex.def Info: vision_setup.png used on input line 138.
(pdftex.def)             Requested size: 352.31624pt x 256.14711pt.
File: wmlogo.jpg Graphic file (type jpg)

<use wmlogo.jpg>
Package pdftex.def Info: wmlogo.jpg used on input line 140.
(pdftex.def)             Requested size: 21.1381pt x 21.33728pt.
 [2 <./create_vision.png>]
LaTeX Font Info:    Try loading font information for OMS+cmr on input line 144.


(/usr/local/texlive/2014/texmf-dist/tex/latex/base/omscmr.fd
File: omscmr.fd 1999/05/25 v2.5h Standard LaTeX font definitions
)
LaTeX Font Info:    Font shape `OMS/cmr/m/n' in size <12> not available
(Font)              Font shape `OMS/cmsy/m/n' tried instead on input line 144.

<zoom_tool.png, id=36, 95.35625pt x 263.98625pt>
File: zoom_tool.png Graphic file (type png)
 <use zoom_tool.png>
Package pdftex.def Info: zoom_tool.png used on input line 158.
(pdftex.def)             Requested size: 25.83307pt x 71.5149pt.
File: wmlogo.jpg Graphic file (type jpg)

<use wmlogo.jpg>
Package pdftex.def Info: wmlogo.jpg used on input line 159.
(pdftex.def)             Requested size: 21.1381pt x 21.33728pt.
 [3 <./vision_setup.png>]
<vision_extent.png, id=43, 103.38625pt x 106.3975pt>
File: vision_extent.png Graphic file (type png)
 <use vision_extent.png>
Package pdftex.def Info: vision_extent.png used on input line 160.
(pdftex.def)             Requested size: 25.83307pt x 26.58469pt.

<save_vision.png, id=44, 311.1625pt x 69.25874pt>
File: save_vision.png Graphic file (type png)
 <use save_vision.png>
Package pdftex.def Info: save_vision.png used on input line 160.
(pdftex.def)             Requested size: 140.92792pt x 31.36798pt.

<pixels.png, id=45, 704.6325pt x 696.6025pt>
File: pixels.png Graphic file (type png)
 <use pixels.png>
Package pdftex.def Info: pixels.png used on input line 162.
(pdftex.def)             Requested size: 93.94955pt x 92.87868pt.

<grid_inspect.png, id=46, 118.4425pt x 103.38625pt>
File: grid_inspect.png Graphic file (type png)
 <use grid_inspect.png>
Package pdftex.def Info: grid_inspect.png used on input line 162.
(pdftex.def)             Requested size: 35.23018pt x 30.75108pt.

<lifestyle.png, id=47, 496.85625pt x 295.1025pt>
File: lifestyle.png Graphic file (type png)
 <use lifestyle.png>
Package pdftex.def Info: lifestyle.png used on input line 162.
(pdftex.def)             Requested size: 117.43874pt x 69.74985pt.

<env_perf.png, id=48, 482.80376pt x 514.92375pt>
File: env_perf.png Graphic file (type png)
 <use env_perf.png>
Package pdftex.def Info: env_perf.png used on input line 162.
(pdftex.def)             Requested size: 140.92792pt x 150.29834pt.

<env_perf2.png, id=49, 1752.5475pt x 1071.00125pt>
File: env_perf2.png Graphic file (type png)
 <use env_perf2.png>
Package pdftex.def Info: env_perf2.png used on input line 162.
(pdftex.def)             Requested size: 164.4171pt x 100.47148pt.

<in_out.png, id=50, 1735.48375pt x 1133.23375pt>
File: in_out.png Graphic file (type png)
 <use in_out.png>
Package pdftex.def Info: in_out.png used on input line 162.
(pdftex.def)             Requested size: 164.4171pt x 107.34706pt.
File: wmlogo.jpg Graphic file (type jpg)

<use wmlogo.jpg>
Package pdftex.def Info: wmlogo.jpg used on input line 163.
(pdftex.def)             Requested size: 21.1381pt x 21.33728pt.
 [4 <./zoom_tool.png> <./vision_extent.png> <./save_vision.png> <./pixels.png> 
<./grid_inspect.png> <./lifestyle.png>]
<buildings.png, id=63, 96.36pt x 101.37875pt>
File: buildings.png Graphic file (type png)
 <use buildings.png>
Package pdftex.def Info: buildings.png used on input line 164.
(pdftex.def)             Requested size: 35.23018pt x 37.06403pt.

<office.png, id=64, 1278.7775pt x 963.6pt>
File: office.png Graphic file (type png)
 <use office.png>
Package pdftex.def Info: office.png used on input line 164.
(pdftex.def)             Requested size: 211.3883pt x 159.2812pt.

<paint_slide.png, id=65, 1227.58624pt x 105.39375pt>
File: paint_slide.png Graphic file (type png)
 <use paint_slide.png>
Package pdftex.def Info: paint_slide.png used on input line 164.
(pdftex.def)             Requested size: 281.85585pt x 24.19823pt.

Underfull \hbox (badness 10000) in paragraph at lines 164--165

 []

File: wmlogo.jpg Graphic file (type jpg)
<use wmlogo.jpg>
Package pdftex.def Info: wmlogo.jpg used on input line 165.
(pdftex.def)             Requested size: 21.1381pt x 21.33728pt.
 [5 <./env_perf.png> <./env_perf2.png> <./in_out.png> <./buildings.png> <./offi
ce.png>]
Underfull \hbox (badness 10000) in paragraph at lines 166--167

 []

<snip_tool.png, id=76, 537.00626pt x 262.9825pt>
File: snip_tool.png Graphic file (type png)
 <use snip_tool.png>
Package pdftex.def Info: snip_tool.png used on input line 168.
(pdftex.def)             Requested size: 164.4171pt x 80.51651pt.

<trees.png, id=77, 93.34875pt x 88.33pt>
File: trees.png Graphic file (type png)
 <use trees.png>
Package pdftex.def Info: trees.png used on input line 190.
(pdftex.def)             Requested size: 35.23018pt x 33.33527pt.

<trees2.png, id=78, 1274.7625pt x 901.3675pt>
File: trees2.png Graphic file (type png)
 <use trees2.png>
Package pdftex.def Info: trees2.png used on input line 190.
(pdftex.def)             Requested size: 187.89912pt x 132.86115pt.
File: wmlogo.jpg Graphic file (type jpg)

<use wmlogo.jpg>
Package pdftex.def Info: wmlogo.jpg used on input line 191.
(pdftex.def)             Requested size: 21.1381pt x 21.33728pt.
 [6 <./paint_slide.png> <./snip_tool.png> <./trees.png>]
File: wmlogo.jpg Graphic file (type jpg)

<use wmlogo.jpg>
Package pdftex.def Info: wmlogo.jpg used on input line 218.
(pdftex.def)             Requested size: 21.1381pt x 21.33728pt.
 [7 <./trees2.png>] <old_nyc.png, id=94, 1140.26pt x 827.09pt>
File: old_nyc.png Graphic file (type png)

<use old_nyc.png>
Package pdftex.def Info: old_nyc.png used on input line 255.
(pdftex.def)             Requested size: 234.87749pt x 170.36224pt.
File: wmlogo.jpg Graphic file (type jpg)
 <use wmlogo.jpg>
Package pdftex.def Info: wmlogo.jpg used on input line 257.
(pdftex.def)             Requested size: 21.1381pt x 21.33728pt.
 [8]
File: wmlogo.jpg Graphic file (type jpg)
 <use wmlogo.jpg>
Package pdftex.def Info: wmlogo.jpg used on input line 303.
(pdftex.def)             Requested size: 21.1381pt x 21.33728pt.
 [9 <./old_nyc.png>]
File: wmlogo.jpg Graphic file (type jpg)

<use wmlogo.jpg>
Package pdftex.def Info: wmlogo.jpg used on input line 303.
(pdftex.def)             Requested size: 21.1381pt x 21.33728pt.
 [10] <key.png, id=113, 867.24pt x 1100.11pt>
File: key.png Graphic file (type png)
 <use key.png>
Package pdftex.def Info: key.png used on input line 307.
(pdftex.def)             Requested size: 422.77661pt x 536.30568pt.


AED: lastpage setting LastPage
File: wmlogo.jpg Graphic file (type jpg)
<use wmlogo.jpg>
Package pdftex.def Info: wmlogo.jpg used on input line 313.
(pdftex.def)             Requested size: 21.1381pt x 21.33728pt.
 [11 <./key.png>]
Package atveryend Info: Empty hook `BeforeClearDocument' on input line 313.
Package atveryend Info: Empty hook `AfterLastShipout' on input line 313.
 (./lab5_wks1112.aux)
Package atveryend Info: Executing hook `AtVeryEndDocument' on input line 313.
Package atveryend Info: Executing hook `AtEndAfterFileList' on input line 313.
Package rerunfilecheck Info: File `lab5_wks1112.out' has not changed.
(rerunfilecheck)             Checksum: D41D8CD98F00B204E9800998ECF8427E;0.
Package atveryend Info: Empty hook `AtVeryVeryEnd' on input line 313.
 ) 
Here is how much of TeX's memory you used:
 5746 strings out of 493117
 86280 string characters out of 6135433
 172912 words of memory out of 5000000
 9113 multiletter control sequences out of 15000+600000
 8497 words of font info for 30 fonts, out of 8000000 for 9000
 1141 hyphenation exceptions out of 8191
 29i,15n,43p,1326b,496s stack positions out of 5000i,500n,10000p,200000b,80000s
{/usr/local/texlive/2014/texmf-dist/fonts/enc/dvips/base/8r.enc}</usr/local/t
exlive/2014/texmf-dist/fonts/type1/public/amsfonts/cm/cmbx12.pfb></usr/local/te
xlive/2014/texmf-dist/fonts/type1/public/amsfonts/cm/cmr10.pfb></usr/local/texl
ive/2014/texmf-dist/fonts/type1/public/amsfonts/cm/cmr12.pfb></usr/local/texliv
e/2014/texmf-dist/fonts/type1/public/amsfonts/cm/cmsy10.pfb></usr/local/texlive
/2014/texmf-dist/fonts/type1/public/amsfonts/cm/cmti12.pfb></usr/local/texlive/
2014/texmf-dist/fonts/type1/urw/courier/ucrr8a.pfb>
Output written on lab5_wks1112.pdf (11 pages, 6230598 bytes).
PDF statistics:
 148 PDF objects out of 1000 (max. 8388607)
 87 compressed objects within 1 object stream
 29 named destinations out of 1000 (max. 500000)
 106 words of extra memory for PDF output out of 10000 (max. 10000000)

